<?xml version="1.0" encoding="UTF-8"?>
<testsuite xmlns:xsi="http://www.w3.org/2001/XMLSchema-instance" xsi:noNamespaceSchemaLocation="https://maven.apache.org/surefire/maven-surefire-plugin/xsd/surefire-test-report-3.0.xsd" version="3.0" name="com.example.grpc.AppTest" time="0.017" tests="1" errors="0" skipped="0" failures="0">
  <properties>
    <property name="java.specification.version" value="17"/>
    <property name="sun.cpu.isalist" value="amd64"/>
    <property name="sun.jnu.encoding" value="Cp1252"/>
    <property name="java.class.path" value="C:\Users\jefmarti\source\repos\gRPC\Windows\Java\Java11\client\target\test-classes;C:\Users\jefmarti\source\repos\gRPC\Windows\Java\Java11\client\target\classes;C:\Users\jefmarti\.m2\repository\junit\junit\3.8.1\junit-3.8.1.jar;C:\Users\jefmarti\.m2\repository\io\grpc\grpc-netty-shaded\1.29.0\grpc-netty-shaded-1.29.0.jar;C:\Users\jefmarti\.m2\repository\io\grpc\grpc-core\1.29.0\grpc-core-1.29.0.jar;C:\Users\jefmarti\.m2\repository\com\google\code\gson\gson\2.8.6\gson-2.8.6.jar;C:\Users\jefmarti\.m2\repository\com\google\android\annotations\4.1.1.4\annotations-4.1.1.4.jar;C:\Users\jefmarti\.m2\repository\com\google\errorprone\error_prone_annotations\2.3.4\error_prone_annotations-2.3.4.jar;C:\Users\jefmarti\.m2\repository\io\perfmark\perfmark-api\0.19.0\perfmark-api-0.19.0.jar;C:\Users\jefmarti\.m2\repository\io\grpc\grpc-protobuf\1.29.0\grpc-protobuf-1.29.0.jar;C:\Users\jefmarti\.m2\repository\io\grpc\grpc-api\1.29.0\grpc-api-1.29.0.jar;C:\Users\jefmarti\.m2\repository\io\grpc\grpc-context\1.29.0\grpc-context-1.29.0.jar;C:\Users\jefmarti\.m2\repository\com\google\code\findbugs\jsr305\3.0.2\jsr305-3.0.2.jar;C:\Users\jefmarti\.m2\repository\org\codehaus\mojo\animal-sniffer-annotations\1.18\animal-sniffer-annotations-1.18.jar;C:\Users\jefmarti\.m2\repository\com\google\protobuf\protobuf-java\3.11.0\protobuf-java-3.11.0.jar;C:\Users\jefmarti\.m2\repository\com\google\guava\guava\28.2-android\guava-28.2-android.jar;C:\Users\jefmarti\.m2\repository\com\google\guava\failureaccess\1.0.1\failureaccess-1.0.1.jar;C:\Users\jefmarti\.m2\repository\com\google\guava\listenablefuture\9999.0-empty-to-avoid-conflict-with-guava\listenablefuture-9999.0-empty-to-avoid-conflict-with-guava.jar;C:\Users\jefmarti\.m2\repository\org\checkerframework\checker-compat-qual\2.5.5\checker-compat-qual-2.5.5.jar;C:\Users\jefmarti\.m2\repository\com\google\j2objc\j2objc-annotations\1.3\j2objc-annotations-1.3.jar;C:\Users\jefmarti\.m2\repository\com\google\api\grpc\proto-google-common-protos\1.17.0\proto-google-common-protos-1.17.0.jar;C:\Users\jefmarti\.m2\repository\io\grpc\grpc-protobuf-lite\1.29.0\grpc-protobuf-lite-1.29.0.jar;C:\Users\jefmarti\.m2\repository\io\grpc\grpc-stub\1.29.0\grpc-stub-1.29.0.jar;C:\Users\jefmarti\.m2\repository\javax\annotation\javax.annotation-api\1.3.2\javax.annotation-api-1.3.2.jar;"/>
    <property name="java.vm.vendor" value="Oracle Corporation"/>
    <property name="sun.arch.data.model" value="64"/>
    <property name="user.variant" value=""/>
    <property name="java.vendor.url" value="https://java.oracle.com/"/>
    <property name="user.timezone" value="America/Los_Angeles"/>
    <property name="os.name" value="Windows 11"/>
    <property name="java.vm.specification.version" value="17"/>
    <property name="sun.java.launcher" value="SUN_STANDARD"/>
    <property name="user.country" value="US"/>
    <property name="sun.boot.library.path" value="C:\Program Files\Java\jdk-17\bin"/>
    <property name="sun.java.command" value="C:\Users\jefmarti\AppData\Local\Temp\surefire5052580460987467641\surefirebooter-20241122174056839_3.jar C:\Users\jefmarti\AppData\Local\Temp\surefire5052580460987467641 2024-11-22T17-40-56_467-jvmRun1 surefire-20241122174056839_1tmp surefire_0-20241122174056839_2tmp"/>
    <property name="jdk.debug" value="release"/>
    <property name="surefire.test.class.path" value="C:\Users\jefmarti\source\repos\gRPC\Windows\Java\Java11\client\target\test-classes;C:\Users\jefmarti\source\repos\gRPC\Windows\Java\Java11\client\target\classes;C:\Users\jefmarti\.m2\repository\junit\junit\3.8.1\junit-3.8.1.jar;C:\Users\jefmarti\.m2\repository\io\grpc\grpc-netty-shaded\1.29.0\grpc-netty-shaded-1.29.0.jar;C:\Users\jefmarti\.m2\repository\io\grpc\grpc-core\1.29.0\grpc-core-1.29.0.jar;C:\Users\jefmarti\.m2\repository\com\google\code\gson\gson\2.8.6\gson-2.8.6.jar;C:\Users\jefmarti\.m2\repository\com\google\android\annotations\4.1.1.4\annotations-4.1.1.4.jar;C:\Users\jefmarti\.m2\repository\com\google\errorprone\error_prone_annotations\2.3.4\error_prone_annotations-2.3.4.jar;C:\Users\jefmarti\.m2\repository\io\perfmark\perfmark-api\0.19.0\perfmark-api-0.19.0.jar;C:\Users\jefmarti\.m2\repository\io\grpc\grpc-protobuf\1.29.0\grpc-protobuf-1.29.0.jar;C:\Users\jefmarti\.m2\repository\io\grpc\grpc-api\1.29.0\grpc-api-1.29.0.jar;C:\Users\jefmarti\.m2\repository\io\grpc\grpc-context\1.29.0\grpc-context-1.29.0.jar;C:\Users\jefmarti\.m2\repository\com\google\code\findbugs\jsr305\3.0.2\jsr305-3.0.2.jar;C:\Users\jefmarti\.m2\repository\org\codehaus\mojo\animal-sniffer-annotations\1.18\animal-sniffer-annotations-1.18.jar;C:\Users\jefmarti\.m2\repository\com\google\protobuf\protobuf-java\3.11.0\protobuf-java-3.11.0.jar;C:\Users\jefmarti\.m2\repository\com\google\guava\guava\28.2-android\guava-28.2-android.jar;C:\Users\jefmarti\.m2\repository\com\google\guava\failureaccess\1.0.1\failureaccess-1.0.1.jar;C:\Users\jefmarti\.m2\repository\com\google\guava\listenablefuture\9999.0-empty-to-avoid-conflict-with-guava\listenablefuture-9999.0-empty-to-avoid-conflict-with-guava.jar;C:\Users\jefmarti\.m2\repository\org\checkerframework\checker-compat-qual\2.5.5\checker-compat-qual-2.5.5.jar;C:\Users\jefmarti\.m2\repository\com\google\j2objc\j2objc-annotations\1.3\j2objc-annotations-1.3.jar;C:\Users\jefmarti\.m2\repository\com\google\api\grpc\proto-google-common-protos\1.17.0\proto-google-common-protos-1.17.0.jar;C:\Users\jefmarti\.m2\repository\io\grpc\grpc-protobuf-lite\1.29.0\grpc-protobuf-lite-1.29.0.jar;C:\Users\jefmarti\.m2\repository\io\grpc\grpc-stub\1.29.0\grpc-stub-1.29.0.jar;C:\Users\jefmarti\.m2\repository\javax\annotation\javax.annotation-api\1.3.2\javax.annotation-api-1.3.2.jar;"/>
    <property name="sun.cpu.endian" value="little"/>
    <property name="user.home" value="C:\Users\jefmarti"/>
    <property name="user.language" value="en"/>
    <property name="java.specification.vendor" value="Oracle Corporation"/>
    <property name="java.version.date" value="2024-07-16"/>
    <property name="java.home" value="C:\Program Files\Java\jdk-17"/>
    <property name="file.separator" value="\"/>
    <property name="basedir" value="C:\Users\jefmarti\source\repos\gRPC\Windows\Java\Java11\client"/>
    <property name="java.vm.compressedOopsMode" value="Zero based"/>
    <property name="line.separator" value="&#10;"/>
    <property name="java.vm.specification.vendor" value="Oracle Corporation"/>
    <property name="java.specification.name" value="Java Platform API Specification"/>
    <property name="surefire.real.class.path" value="C:\Users\jefmarti\AppData\Local\Temp\surefire5052580460987467641\surefirebooter-20241122174056839_3.jar"/>
    <property name="user.script" value=""/>
    <property name="sun.management.compiler" value="HotSpot 64-Bit Tiered Compilers"/>
    <property name="java.runtime.version" value="17.0.12+8-LTS-286"/>
    <property name="user.name" value="jefmarti"/>
    <property name="path.separator" value=";"/>
    <property name="os.version" value="10.0"/>
    <property name="java.runtime.name" value="Java(TM) SE Runtime Environment"/>
    <property name="file.encoding" value="Cp1252"/>
    <property name="java.vm.name" value="Java HotSpot(TM) 64-Bit Server VM"/>
    <property name="localRepository" value="C:\Users\jefmarti\.m2\repository"/>
    <property name="java.vendor.url.bug" value="https://bugreport.java.com/bugreport/"/>
    <property name="java.io.tmpdir" value="C:\Users\jefmarti\AppData\Local\Temp\"/>
    <property name="java.version" value="17.0.12"/>
    <property name="user.dir" value="C:\Users\jefmarti\source\repos\gRPC\Windows\Java\Java11\client"/>
    <property name="os.arch" value="amd64"/>
    <property name="java.vm.specification.name" value="Java Virtual Machine Specification"/>
    <property name="sun.os.patch.level" value=""/>
    <property name="native.encoding" value="Cp1252"/>
    <property name="java.library.path" value="C:\Program Files\Java\jdk-17\bin;C:\WINDOWS\Sun\Java\bin;C:\WINDOWS\system32;C:\WINDOWS;C:\Program Files\Common Files\Oracle\Java\javapath;C:\Program Files\Microsoft SDKs\Azure\CLI2\wbin;C:\WINDOWS\system32;C:\WINDOWS;C:\WINDOWS\System32\Wbem;C:\WINDOWS\System32\WindowsPowerShell\v1.0\;C:\WINDOWS\System32\OpenSSH\;C:\Program Files\Microsoft SQL Server\150\Tools\Binn\;C:\Program Files\Microsoft SQL Server\Client SDK\ODBC\170\Tools\Binn\;C:\Program Files\Maven\apache-maven-3.9.6\bin;C:\Program Files\nodejs\;C:\ProgramData\chocolatey\bin;C:\Program Files\dotnet\;C:\Program Files (x86)\Microsoft SQL Server\160\DTS\Binn\;C:\Program Files (x86)\Microsoft SQL Server\160\Tools\Binn\;C:\Program Files\Microsoft SQL Server\160\Tools\Binn\;C:\Program Files\Microsoft SQL Server\160\DTS\Binn\;C:\Program Files\Git\cmd;C:\Program Files\Docker\Docker\resources\bin;C:\Users\jefmarti\AppData\Local\Programs\Python\Launcher\;C:\Users\jefmarti\AppData\Local\Microsoft\WindowsApps;C:\Users\jefmarti\.dotnet\tools;C:\Users\jefmarti\AppData\Local\Programs\Microsoft VS Code\bin;C:\Users\jefmarti\AppData\Local\GitHubDesktop\bin;C:\Users\jefmarti\AppData\Local\Microsoft\WinGet\Packages\Schniz.fnm_Microsoft.Winget.Source_8wekyb3d8bbwe;C:\Users\jefmarti\AppData\Roaming\npm;;C:\Users\jefmarti\AppData\Local\Programs\Azure Data Studio\bin;."/>
    <property name="java.vm.info" value="mixed mode, sharing"/>
    <property name="java.vendor" value="Oracle Corporation"/>
    <property name="java.vm.version" value="17.0.12+8-LTS-286"/>
    <property name="sun.io.unicode.encoding" value="UnicodeLittle"/>
    <property name="java.class.version" value="61.0"/>
  </properties>
  <testcase name="testApp" classname="com.example.grpc.AppTest" time="0.002"/>
</testsuite>