<?xml version="1.0" encoding="UTF-8"?>
<testsuite xmlns:xsi="http://www.w3.org/2001/XMLSchema-instance" xsi:noNamespaceSchemaLocation="https://maven.apache.org/surefire/maven-surefire-plugin/xsd/surefire-test-report-3.0.xsd" version="3.0" name="com.example.grpc.AppTest" time="0.027" tests="1" errors="0" skipped="0" failures="0">
  <properties>
    <property name="java.specification.version" value="17"/>
    <property name="sun.cpu.isalist" value="amd64"/>
    <property name="sun.jnu.encoding" value="Cp1252"/>
    <property name="java.class.path" value="C:\Users\jefmarti\source\repos\gRPC\Java\grpc-hello-client\target\test-classes;C:\Users\jefmarti\source\repos\gRPC\Java\grpc-hello-client\target\classes;C:\Users\jefmarti\.m2\repository\junit\junit\3.8.1\junit-3.8.1.jar;C:\Users\jefmarti\.m2\repository\io\grpc\grpc-netty-shaded\1.24.0\grpc-netty-shaded-1.24.0.jar;C:\Users\jefmarti\.m2\repository\io\grpc\grpc-core\1.24.0\grpc-core-1.24.0.jar;C:\Users\jefmarti\.m2\repository\com\google\code\gson\gson\2.7\gson-2.7.jar;C:\Users\jefmarti\.m2\repository\com\google\android\annotations\4.1.1.4\annotations-4.1.1.4.jar;C:\Users\jefmarti\.m2\repository\io\perfmark\perfmark-api\0.17.0\perfmark-api-0.17.0.jar;C:\Users\jefmarti\.m2\repository\io\opencensus\opencensus-api\0.21.0\opencensus-api-0.21.0.jar;C:\Users\jefmarti\.m2\repository\io\opencensus\opencensus-contrib-grpc-metrics\0.21.0\opencensus-contrib-grpc-metrics-0.21.0.jar;C:\Users\jefmarti\.m2\repository\io\grpc\grpc-protobuf\1.24.0\grpc-protobuf-1.24.0.jar;C:\Users\jefmarti\.m2\repository\io\grpc\grpc-api\1.24.0\grpc-api-1.24.0.jar;C:\Users\jefmarti\.m2\repository\io\grpc\grpc-context\1.24.0\grpc-context-1.24.0.jar;C:\Users\jefmarti\.m2\repository\com\google\errorprone\error_prone_annotations\2.3.2\error_prone_annotations-2.3.2.jar;C:\Users\jefmarti\.m2\repository\com\google\code\findbugs\jsr305\3.0.2\jsr305-3.0.2.jar;C:\Users\jefmarti\.m2\repository\org\codehaus\mojo\animal-sniffer-annotations\1.17\animal-sniffer-annotations-1.17.jar;C:\Users\jefmarti\.m2\repository\com\google\protobuf\protobuf-java\3.9.0\protobuf-java-3.9.0.jar;C:\Users\jefmarti\.m2\repository\com\google\guava\guava\26.0-android\guava-26.0-android.jar;C:\Users\jefmarti\.m2\repository\org\checkerframework\checker-compat-qual\2.5.2\checker-compat-qual-2.5.2.jar;C:\Users\jefmarti\.m2\repository\com\google\j2objc\j2objc-annotations\1.1\j2objc-annotations-1.1.jar;C:\Users\jefmarti\.m2\repository\com\google\api\grpc\proto-google-common-protos\1.12.0\proto-google-common-protos-1.12.0.jar;C:\Users\jefmarti\.m2\repository\io\grpc\grpc-protobuf-lite\1.24.0\grpc-protobuf-lite-1.24.0.jar;C:\Users\jefmarti\.m2\repository\io\grpc\grpc-stub\1.24.0\grpc-stub-1.24.0.jar;C:\Users\jefmarti\.m2\repository\javax\annotation\javax.annotation-api\1.3.2\javax.annotation-api-1.3.2.jar;"/>
    <property name="java.vm.vendor" value="Microsoft"/>
    <property name="sun.arch.data.model" value="64"/>
    <property name="user.variant" value=""/>
    <property name="java.vendor.url" value="https://www.microsoft.com"/>
    <property name="user.timezone" value="America/Los_Angeles"/>
    <property name="os.name" value="Windows 11"/>
    <property name="java.vm.specification.version" value="17"/>
    <property name="sun.java.launcher" value="SUN_STANDARD"/>
    <property name="user.country" value="US"/>
    <property name="sun.boot.library.path" value="C:\Program Files\Java\jdk-17.0.8.1+1\bin"/>
    <property name="sun.java.command" value="C:\Users\jefmarti\AppData\Local\Temp\surefire2049234543860351786\surefirebooter-20230915101217319_3.jar C:\Users\jefmarti\AppData\Local\Temp\surefire2049234543860351786 2023-09-15T10-12-17_117-jvmRun1 surefire-20230915101217319_1tmp surefire_0-20230915101217319_2tmp"/>
    <property name="jdk.debug" value="release"/>
    <property name="surefire.test.class.path" value="C:\Users\jefmarti\source\repos\gRPC\Java\grpc-hello-client\target\test-classes;C:\Users\jefmarti\source\repos\gRPC\Java\grpc-hello-client\target\classes;C:\Users\jefmarti\.m2\repository\junit\junit\3.8.1\junit-3.8.1.jar;C:\Users\jefmarti\.m2\repository\io\grpc\grpc-netty-shaded\1.24.0\grpc-netty-shaded-1.24.0.jar;C:\Users\jefmarti\.m2\repository\io\grpc\grpc-core\1.24.0\grpc-core-1.24.0.jar;C:\Users\jefmarti\.m2\repository\com\google\code\gson\gson\2.7\gson-2.7.jar;C:\Users\jefmarti\.m2\repository\com\google\android\annotations\4.1.1.4\annotations-4.1.1.4.jar;C:\Users\jefmarti\.m2\repository\io\perfmark\perfmark-api\0.17.0\perfmark-api-0.17.0.jar;C:\Users\jefmarti\.m2\repository\io\opencensus\opencensus-api\0.21.0\opencensus-api-0.21.0.jar;C:\Users\jefmarti\.m2\repository\io\opencensus\opencensus-contrib-grpc-metrics\0.21.0\opencensus-contrib-grpc-metrics-0.21.0.jar;C:\Users\jefmarti\.m2\repository\io\grpc\grpc-protobuf\1.24.0\grpc-protobuf-1.24.0.jar;C:\Users\jefmarti\.m2\repository\io\grpc\grpc-api\1.24.0\grpc-api-1.24.0.jar;C:\Users\jefmarti\.m2\repository\io\grpc\grpc-context\1.24.0\grpc-context-1.24.0.jar;C:\Users\jefmarti\.m2\repository\com\google\errorprone\error_prone_annotations\2.3.2\error_prone_annotations-2.3.2.jar;C:\Users\jefmarti\.m2\repository\com\google\code\findbugs\jsr305\3.0.2\jsr305-3.0.2.jar;C:\Users\jefmarti\.m2\repository\org\codehaus\mojo\animal-sniffer-annotations\1.17\animal-sniffer-annotations-1.17.jar;C:\Users\jefmarti\.m2\repository\com\google\protobuf\protobuf-java\3.9.0\protobuf-java-3.9.0.jar;C:\Users\jefmarti\.m2\repository\com\google\guava\guava\26.0-android\guava-26.0-android.jar;C:\Users\jefmarti\.m2\repository\org\checkerframework\checker-compat-qual\2.5.2\checker-compat-qual-2.5.2.jar;C:\Users\jefmarti\.m2\repository\com\google\j2objc\j2objc-annotations\1.1\j2objc-annotations-1.1.jar;C:\Users\jefmarti\.m2\repository\com\google\api\grpc\proto-google-common-protos\1.12.0\proto-google-common-protos-1.12.0.jar;C:\Users\jefmarti\.m2\repository\io\grpc\grpc-protobuf-lite\1.24.0\grpc-protobuf-lite-1.24.0.jar;C:\Users\jefmarti\.m2\repository\io\grpc\grpc-stub\1.24.0\grpc-stub-1.24.0.jar;C:\Users\jefmarti\.m2\repository\javax\annotation\javax.annotation-api\1.3.2\javax.annotation-api-1.3.2.jar;"/>
    <property name="sun.cpu.endian" value="little"/>
    <property name="user.home" value="C:\Users\jefmarti"/>
    <property name="user.language" value="en"/>
    <property name="java.specification.vendor" value="Oracle Corporation"/>
    <property name="java.version.date" value="2023-08-24"/>
    <property name="java.home" value="C:\Program Files\Java\jdk-17.0.8.1+1"/>
    <property name="file.separator" value="\"/>
    <property name="basedir" value="C:\Users\jefmarti\source\repos\gRPC\Java\grpc-hello-client"/>
    <property name="java.vm.compressedOopsMode" value="Zero based"/>
    <property name="line.separator" value="&#10;"/>
    <property name="java.vm.specification.vendor" value="Oracle Corporation"/>
    <property name="java.specification.name" value="Java Platform API Specification"/>
    <property name="surefire.real.class.path" value="C:\Users\jefmarti\AppData\Local\Temp\surefire2049234543860351786\surefirebooter-20230915101217319_3.jar"/>
    <property name="user.script" value=""/>
    <property name="sun.management.compiler" value="HotSpot 64-Bit Tiered Compilers"/>
    <property name="java.runtime.version" value="17.0.8.1+1-LTS"/>
    <property name="user.name" value="jefmarti"/>
    <property name="path.separator" value=";"/>
    <property name="os.version" value="10.0"/>
    <property name="java.runtime.name" value="OpenJDK Runtime Environment"/>
    <property name="file.encoding" value="Cp1252"/>
    <property name="java.vm.name" value="OpenJDK 64-Bit Server VM"/>
    <property name="java.vendor.version" value="Microsoft-8297089"/>
    <property name="localRepository" value="C:\Users\jefmarti\.m2\repository"/>
    <property name="java.vendor.url.bug" value="https://github.com/microsoft/openjdk/issues"/>
    <property name="java.io.tmpdir" value="C:\Users\jefmarti\AppData\Local\Temp\"/>
    <property name="java.version" value="17.0.8.1"/>
    <property name="user.dir" value="C:\Users\jefmarti\source\repos\gRPC\Java\grpc-hello-client"/>
    <property name="os.arch" value="amd64"/>
    <property name="java.vm.specification.name" value="Java Virtual Machine Specification"/>
    <property name="sun.os.patch.level" value=""/>
    <property name="native.encoding" value="Cp1252"/>
    <property name="java.library.path" value="C:\Program Files\Java\jdk-17.0.8.1+1\bin;C:\WINDOWS\Sun\Java\bin;C:\WINDOWS\system32;C:\WINDOWS;C:\Program Files\Eclipse Adoptium\jdk-17.0.8.101-hotspot\bin;C:\Program Files (x86)\Microsoft SDKs\Azure\CLI2\wbin;C:\WINDOWS\system32;C:\WINDOWS;C:\WINDOWS\System32\Wbem;C:\WINDOWS\System32\WindowsPowerShell\v1.0\;C:\WINDOWS\System32\OpenSSH\;C:\Program Files\Microsoft SQL Server\150\Tools\Binn\;C:\Program Files\Microsoft SQL Server\Client SDK\ODBC\170\Tools\Binn\;C:\Program Files\nodejs\;C:\ProgramData\chocolatey\bin;C:\Program Files\Git\cmd;C:\Program Files\Docker\Docker\resources\bin;C:\Program Files\Java\apache-maven-3.9.4\bin;C:\Program Files\dotnet\;C:\Users\jefmarti\AppData\Local\Programs\Python\Python39\Scripts\;C:\Users\jefmarti\AppData\Local\Programs\Python\Python39\;C:\Users\jefmarti\AppData\Local\Programs\Python\Python311\Scripts\;C:\Users\jefmarti\AppData\Local\Programs\Python\Python311\;C:\Users\jefmarti\AppData\Local\Microsoft\WindowsApps;C:\Users\jefmarti\AppData\Local\Programs\Microsoft VS Code\bin;C:\Users\jefmarti\AppData\Roaming\npm;C:\protoc-23.4-win64\bin;C:\Users\jefmarti\.dotnet\tools;C:\Program Files\Java\apache-maven-3.9.4\bin;;."/>
    <property name="java.vm.info" value="mixed mode, sharing"/>
    <property name="java.vendor" value="Microsoft"/>
    <property name="java.vm.version" value="17.0.8.1+1-LTS"/>
    <property name="sun.io.unicode.encoding" value="UnicodeLittle"/>
    <property name="java.class.version" value="61.0"/>
  </properties>
  <testcase name="testApp" classname="com.example.grpc.AppTest" time="0.001"/>
</testsuite>